slick.min.js:1 Uncaught ReferenceError: jQuery is not defined
    at slick.min.js:1:152
    at slick.min.js:1:160
uliba.ru/:482 Uncaught SyntaxError: Unexpected token '('
uliba.ru/:486 Uncaught SyntaxError: Unexpected end of input
(index):486 Uncaught ReferenceError: $ is not defined
    at (index):486:990
(index):495 Uncaught ReferenceError: $ is not defined
    at (index):495:21
template_d0dc831c1f0f57704b1964f372c8440f_v1.js?16963982061451496:4 Uncaught Error: fancyBox already initialized
    at Function.error (template_d0dc831c1f0f57704b1964f372c8440f_v1.js?16963982061451496:4:1819)
    at template_d0dc831c1f0f57704b1964f372c8440f_v1.js?16963982061451496:21786:367
    at template_d0dc831c1f0f57704b1964f372c8440f_v1.js?16963982061451496:21786:29251
template_d0dc831c1f0f57704b1964f372c8440f_v1.js?16963982061451496:10201 Download the Vue Devtools extension for a better development experience:
https://github.com/vuejs/vue-devtools
template_d0dc831c1f0f57704b1964f372c8440f_v1.js?16963982061451496:10210 You are running Vue in development mode.
Make sure to turn on production mode when deploying for production.
See more tips at https://vuejs.org/guide/deployment.html
(index):500 Array(0)
(index):500 Array(13)
?lang=ru_RU:1 (Yandex Maps JS API): Invalid API key
ymapsInit @ ?lang=ru_RU:1
jquery.twentytwenty.js:1 Uncaught SyntaxError: Identifier 'define_swipe' has already been declared (at jquery.twentytwenty.js:1:1)
jquery.fancybox.js:29 fancyBox already initialized
cs.min.js:1 request start
uliba.ru/:507 Uncaught SyntaxError: Unexpected token 'var'
uliba.ru/:523 Uncaught SyntaxError: Unexpected token '('
uliba.ru/:527 Uncaught SyntaxError: Unexpected end of input
template_d0dc831c1f0f57704b1964f372c8440f_v1.js?16963982061451496:550 tesdsffdst
(index):500 2023-10-11
(index):500 2023-10-11
(index):500 2023-10-11
(index):519 -17px
(index):519 Uncaught TypeError: Cannot read properties of null (reading 'addEventListener')
    at HTMLDocument.<anonymous> ((index):519:629)
common.js:3 122222222
jquery-3.5.1.min.js:2 jQuery.Deferred exception: Cannot read properties of null (reading 'add') TypeError: Cannot read properties of null (reading 'add')
    at e.initADA (https://cdnjs.cloudflare.com/ajax/libs/slick-carousel/1.8.1/slick.min.js:1:19335)
    at e.init (https://cdnjs.cloudflare.com/ajax/libs/slick-carousel/1.8.1/slick.min.js:1:19101)
    at new <anonymous> (https://cdnjs.cloudflare.com/ajax/libs/slick-carousel/1.8.1/slick.min.js:1:2832)
    at i.fn.slick (https://cdnjs.cloudflare.com/ajax/libs/slick-carousel/1.8.1/slick.min.js:1:42781)
    at HTMLDocument.<anonymous> (https://uliba.ru/testz1/:527:1043)
    at e (https://uliba.ru/lend/js/libs/jquery-3.5.1.min.js:2:30005)
    at t (https://uliba.ru/lend/js/libs/jquery-3.5.1.min.js:2:30307) undefined
S.Deferred.exceptionHook @ jquery-3.5.1.min.js:2
jquery-3.5.1.min.js:2 Uncaught TypeError: Cannot read properties of null (reading 'add')
    at e.initADA (slick.min.js:1:19335)
    at e.init (slick.min.js:1:19101)
    at new <anonymous> (slick.min.js:1:2832)
    at i.fn.slick (slick.min.js:1:42781)
    at HTMLDocument.<anonymous> ((index):527:1043)
    at e (jquery-3.5.1.min.js:2:30005)
    at t (jquery-3.5.1.min.js:2:30307)
template_d0dc831c1f0f57704b1964f372c8440f_v1.js?16963982061451496:1071 23213
The resource <URL> was preloaded using link preload but not used within a few seconds from the window's load event. Please make sure it has an appropriate `as` value and it is preloaded intentionally.
The resource <URL> was preloaded using link preload but not used within a few seconds from the window's load event. Please make sure it has an appropriate `as` value and it is preloaded intentionally.
The resource <URL> was preloaded using link preload but not used within a few seconds from the window's load event. Please make sure it has an appropriate `as` value and it is preloaded intentionally.
The resource <URL> was preloaded using link preload but not used within a few seconds from the window's load event. Please make sure it has an appropriate `as` value and it is preloaded intentionally.
The resource <URL> was preloaded using link preload but not used within a few seconds from the window's load event. Please make sure it has an appropriate `as` value and it is preloaded intentionally.
The resource <URL> was preloaded using link preload but not used within a few seconds from the window's load event. Please make sure it has an appropriate `as` value and it is preloaded intentionally.
The resource <URL> was preloaded using link preload but not used within a few seconds from the window's load event. Please make sure it has an appropriate `as` value and it is preloaded intentionally.
The resource <URL> was preloaded using link preload but not used within a few seconds from the window's load event. Please make sure it has an appropriate `as` value and it is preloaded intentionally.
